Performing C SOURCE FILE Test CMAKE_HAVE_LIBC_PTHREAD failed with the following output:
Change Dir: /root/jmuduo/build/release-cpp11/CMakeFiles/CMakeTmp

Run Build Command(s):/usr/bin/gmake cmTC_8af44/fast && /usr/bin/gmake  -f CMakeFiles/cmTC_8af44.dir/build.make CMakeFiles/cmTC_8af44.dir/build
gmake[1]: 进入目录“/root/jmuduo/build/release-cpp11/CMakeFiles/CMakeTmp”
Building C object CMakeFiles/cmTC_8af44.dir/src.c.o
/usr/bin/cc -DCMAKE_HAVE_LIBC_PTHREAD   -o CMakeFiles/cmTC_8af44.dir/src.c.o -c /root/jmuduo/build/release-cpp11/CMakeFiles/CMakeTmp/src.c
Linking C executable cmTC_8af44
/usr/local/bin/cmake -E cmake_link_script CMakeFiles/cmTC_8af44.dir/link.txt --verbose=1
/usr/bin/cc -rdynamic CMakeFiles/cmTC_8af44.dir/src.c.o -o cmTC_8af44 
CMakeFiles/cmTC_8af44.dir/src.c.o：在函数‘main’中：
src.c:(.text+0x2d)：对‘pthread_create’未定义的引用
src.c:(.text+0x39)：对‘pthread_detach’未定义的引用
src.c:(.text+0x45)：对‘pthread_cancel’未定义的引用
src.c:(.text+0x56)：对‘pthread_join’未定义的引用
collect2: 错误：ld 返回 1
gmake[1]: *** [CMakeFiles/cmTC_8af44.dir/build.make:106：cmTC_8af44] 错误 1
gmake[1]: 离开目录“/root/jmuduo/build/release-cpp11/CMakeFiles/CMakeTmp”
gmake: *** [Makefile:140：cmTC_8af44/fast] 错误 2


Source file was:
#include <pthread.h>

static void* test_func(void* data)
{
  return data;
}

int main(void)
{
  pthread_t thread;
  pthread_create(&thread, NULL, test_func, NULL);
  pthread_detach(thread);
  pthread_cancel(thread);
  pthread_join(thread, NULL);
  pthread_atfork(NULL, NULL, NULL);
  pthread_exit(NULL);

  return 0;
}

Determining if the function pthread_create exists in the pthreads failed with the following output:
Change Dir: /root/jmuduo/build/release-cpp11/CMakeFiles/CMakeTmp

Run Build Command(s):/usr/bin/gmake cmTC_c8693/fast && /usr/bin/gmake  -f CMakeFiles/cmTC_c8693.dir/build.make CMakeFiles/cmTC_c8693.dir/build
gmake[1]: 进入目录“/root/jmuduo/build/release-cpp11/CMakeFiles/CMakeTmp”
Building C object CMakeFiles/cmTC_c8693.dir/CheckFunctionExists.c.o
/usr/bin/cc   -DCHECK_FUNCTION_EXISTS=pthread_create -o CMakeFiles/cmTC_c8693.dir/CheckFunctionExists.c.o -c /usr/local/share/cmake-3.19/Modules/CheckFunctionExists.c
Linking C executable cmTC_c8693
/usr/local/bin/cmake -E cmake_link_script CMakeFiles/cmTC_c8693.dir/link.txt --verbose=1
/usr/bin/cc  -DCHECK_FUNCTION_EXISTS=pthread_create -rdynamic CMakeFiles/cmTC_c8693.dir/CheckFunctionExists.c.o -o cmTC_c8693  -lpthreads 
/usr/bin/ld: 找不到 -lpthreads
collect2: 错误：ld 返回 1
gmake[1]: *** [CMakeFiles/cmTC_c8693.dir/build.make:106：cmTC_c8693] 错误 1
gmake[1]: 离开目录“/root/jmuduo/build/release-cpp11/CMakeFiles/CMakeTmp”
gmake: *** [Makefile:140：cmTC_c8693/fast] 错误 2



